<?xml version="1.0" encoding="UTF-8" ?>
<testsuite failures="0" time="0.053" errors="0" skipped="0" tests="1" name="com.nipra.mr.AppTest">
  <properties>
    <property name="java.runtime.name" value="Java(TM) SE Runtime Environment"/>
    <property name="sun.boot.library.path" value="/System/Library/Java/JavaVirtualMachines/1.6.0.jdk/Contents/Libraries"/>
    <property name="java.vm.version" value="20.8-b03-424"/>
    <property name="awt.nativeDoubleBuffering" value="true"/>
    <property name="gopherProxySet" value="false"/>
    <property name="mrj.build" value="11E53"/>
    <property name="java.vm.vendor" value="Apple Inc."/>
    <property name="java.vendor.url" value="http://www.apple.com/"/>
    <property name="path.separator" value=":"/>
    <property name="java.vm.name" value="Java HotSpot(TM) 64-Bit Server VM"/>
    <property name="file.encoding.pkg" value="sun.io"/>
    <property name="user.country" value="US"/>
    <property name="sun.java.launcher" value="SUN_STANDARD"/>
    <property name="sun.os.patch.level" value="unknown"/>
    <property name="java.vm.specification.name" value="Java Virtual Machine Specification"/>
    <property name="user.dir" value="/Users/nprabhak/Projects/Java/Jafun/mr"/>
    <property name="java.runtime.version" value="1.6.0_33-b03-424-11E53"/>
    <property name="java.awt.graphicsenv" value="apple.awt.CGraphicsEnvironment"/>
    <property name="basedir" value="/Users/nprabhak/Projects/Java/Jafun/mr"/>
    <property name="java.endorsed.dirs" value="/System/Library/Java/JavaVirtualMachines/1.6.0.jdk/Contents/Home/lib/endorsed"/>
    <property name="os.arch" value="x86_64"/>
    <property name="surefire.real.class.path" value="/Users/nprabhak/Projects/Java/Jafun/mr/target/surefire/surefirebooter2043674162767933054.jar"/>
    <property name="java.io.tmpdir" value="/var/folders/hk/w415l5ts0fd2z287fmzgx6380000gr/T/"/>
    <property name="line.separator" value="
"/>
    <property name="java.vm.specification.vendor" value="Sun Microsystems Inc."/>
    <property name="os.name" value="Mac OS X"/>
    <property name="sun.jnu.encoding" value="MacRoman"/>
    <property name="java.library.path" value=".:/Library/Java/Extensions:/System/Library/Java/Extensions:/usr/lib/java"/>
    <property name="surefire.test.class.path" value="/Users/nprabhak/Projects/Java/Jafun/mr/target/test-classes:/Users/nprabhak/Projects/Java/Jafun/mr/target/classes:/Users/nprabhak/.m2/repository/junit/junit/4.8.2/junit-4.8.2.jar:/Users/nprabhak/.m2/repository/org/apache/hadoop/hadoop-client/2.0.0-mr1-cdh4.0.1/hadoop-client-2.0.0-mr1-cdh4.0.1.jar:/Users/nprabhak/.m2/repository/org/apache/hadoop/hadoop-common/2.0.0-cdh4.0.1/hadoop-common-2.0.0-cdh4.0.1.jar:/Users/nprabhak/.m2/repository/com/google/guava/guava/11.0.2/guava-11.0.2.jar:/Users/nprabhak/.m2/repository/com/google/code/findbugs/jsr305/1.3.9/jsr305-1.3.9.jar:/Users/nprabhak/.m2/repository/org/apache/commons/commons-math/2.1/commons-math-2.1.jar:/Users/nprabhak/.m2/repository/xmlenc/xmlenc/0.52/xmlenc-0.52.jar:/Users/nprabhak/.m2/repository/commons-codec/commons-codec/1.4/commons-codec-1.4.jar:/Users/nprabhak/.m2/repository/commons-net/commons-net/3.1/commons-net-3.1.jar:/Users/nprabhak/.m2/repository/commons-io/commons-io/2.1/commons-io-2.1.jar:/Users/nprabhak/.m2/repository/asm/asm/3.2/asm-3.2.jar:/Users/nprabhak/.m2/repository/commons-el/commons-el/1.0/commons-el-1.0.jar:/Users/nprabhak/.m2/repository/commons-logging/commons-logging/1.1.1/commons-logging-1.1.1.jar:/Users/nprabhak/.m2/repository/log4j/log4j/1.2.15/log4j-1.2.15.jar:/Users/nprabhak/.m2/repository/commons-lang/commons-lang/2.5/commons-lang-2.5.jar:/Users/nprabhak/.m2/repository/commons-collections/commons-collections/3.2.1/commons-collections-3.2.1.jar:/Users/nprabhak/.m2/repository/commons-configuration/commons-configuration/1.6/commons-configuration-1.6.jar:/Users/nprabhak/.m2/repository/commons-digester/commons-digester/1.8/commons-digester-1.8.jar:/Users/nprabhak/.m2/repository/commons-beanutils/commons-beanutils/1.7.0/commons-beanutils-1.7.0.jar:/Users/nprabhak/.m2/repository/commons-beanutils/commons-beanutils-core/1.8.0/commons-beanutils-core-1.8.0.jar:/Users/nprabhak/.m2/repository/org/slf4j/slf4j-api/1.6.1/slf4j-api-1.6.1.jar:/Users/nprabhak/.m2/repository/org/slf4j/slf4j-log4j12/1.6.1/slf4j-log4j12-1.6.1.jar:/Users/nprabhak/.m2/repository/oro/oro/2.0.8/oro-2.0.8.jar:/Users/nprabhak/.m2/repository/org/codehaus/jackson/jackson-mapper-asl/1.8.8/jackson-mapper-asl-1.8.8.jar:/Users/nprabhak/.m2/repository/org/apache/avro/avro/1.5.4/avro-1.5.4.jar:/Users/nprabhak/.m2/repository/com/thoughtworks/paranamer/paranamer/2.3/paranamer-2.3.jar:/Users/nprabhak/.m2/repository/org/xerial/snappy/snappy-java/1.0.3.2/snappy-java-1.0.3.2.jar:/Users/nprabhak/.m2/repository/com/google/protobuf/protobuf-java/2.4.0a/protobuf-java-2.4.0a.jar:/Users/nprabhak/.m2/repository/org/apache/hadoop/hadoop-auth/2.0.0-cdh4.0.1/hadoop-auth-2.0.0-cdh4.0.1.jar:/Users/nprabhak/.m2/repository/com/googlecode/json-simple/json-simple/1.1/json-simple-1.1.jar:/Users/nprabhak/.m2/repository/com/jcraft/jsch/0.1.42/jsch-0.1.42.jar:/Users/nprabhak/.m2/repository/org/apache/zookeeper/zookeeper/3.4.3-cdh4.0.1/zookeeper-3.4.3-cdh4.0.1.jar:/Users/nprabhak/.m2/repository/jline/jline/0.9.94/jline-0.9.94.jar:/Users/nprabhak/.m2/repository/org/apache/hadoop/hadoop-hdfs/2.0.0-cdh4.0.1/hadoop-hdfs-2.0.0-cdh4.0.1.jar:/Users/nprabhak/.m2/repository/org/apache/hadoop/hadoop-core/2.0.0-mr1-cdh4.0.1/hadoop-core-2.0.0-mr1-cdh4.0.1.jar:/Users/nprabhak/.m2/repository/org/codehaus/jackson/jackson-core-asl/1.5.2/jackson-core-asl-1.5.2.jar:/Users/nprabhak/.m2/repository/hsqldb/hsqldb/1.8.0.10/hsqldb-1.8.0.10.jar:"/>
    <property name="java.specification.name" value="Java Platform API Specification"/>
    <property name="java.class.version" value="50.0"/>
    <property name="sun.management.compiler" value="HotSpot 64-Bit Tiered Compilers"/>
    <property name="os.version" value="10.7.4"/>
    <property name="http.nonProxyHosts" value="local|*.local|169.254/16|*.169.254/16"/>
    <property name="user.home" value="/Users/nprabhak"/>
    <property name="user.timezone" value=""/>
    <property name="java.awt.printerjob" value="apple.awt.CPrinterJob"/>
    <property name="java.specification.version" value="1.6"/>
    <property name="file.encoding" value="MacRoman"/>
    <property name="user.name" value="nprabhak"/>
    <property name="java.class.path" value="/Users/nprabhak/Projects/Java/Jafun/mr/target/test-classes:/Users/nprabhak/Projects/Java/Jafun/mr/target/classes:/Users/nprabhak/.m2/repository/junit/junit/4.8.2/junit-4.8.2.jar:/Users/nprabhak/.m2/repository/org/apache/hadoop/hadoop-client/2.0.0-mr1-cdh4.0.1/hadoop-client-2.0.0-mr1-cdh4.0.1.jar:/Users/nprabhak/.m2/repository/org/apache/hadoop/hadoop-common/2.0.0-cdh4.0.1/hadoop-common-2.0.0-cdh4.0.1.jar:/Users/nprabhak/.m2/repository/com/google/guava/guava/11.0.2/guava-11.0.2.jar:/Users/nprabhak/.m2/repository/com/google/code/findbugs/jsr305/1.3.9/jsr305-1.3.9.jar:/Users/nprabhak/.m2/repository/org/apache/commons/commons-math/2.1/commons-math-2.1.jar:/Users/nprabhak/.m2/repository/xmlenc/xmlenc/0.52/xmlenc-0.52.jar:/Users/nprabhak/.m2/repository/commons-codec/commons-codec/1.4/commons-codec-1.4.jar:/Users/nprabhak/.m2/repository/commons-net/commons-net/3.1/commons-net-3.1.jar:/Users/nprabhak/.m2/repository/commons-io/commons-io/2.1/commons-io-2.1.jar:/Users/nprabhak/.m2/repository/asm/asm/3.2/asm-3.2.jar:/Users/nprabhak/.m2/repository/commons-el/commons-el/1.0/commons-el-1.0.jar:/Users/nprabhak/.m2/repository/commons-logging/commons-logging/1.1.1/commons-logging-1.1.1.jar:/Users/nprabhak/.m2/repository/log4j/log4j/1.2.15/log4j-1.2.15.jar:/Users/nprabhak/.m2/repository/commons-lang/commons-lang/2.5/commons-lang-2.5.jar:/Users/nprabhak/.m2/repository/commons-collections/commons-collections/3.2.1/commons-collections-3.2.1.jar:/Users/nprabhak/.m2/repository/commons-configuration/commons-configuration/1.6/commons-configuration-1.6.jar:/Users/nprabhak/.m2/repository/commons-digester/commons-digester/1.8/commons-digester-1.8.jar:/Users/nprabhak/.m2/repository/commons-beanutils/commons-beanutils/1.7.0/commons-beanutils-1.7.0.jar:/Users/nprabhak/.m2/repository/commons-beanutils/commons-beanutils-core/1.8.0/commons-beanutils-core-1.8.0.jar:/Users/nprabhak/.m2/repository/org/slf4j/slf4j-api/1.6.1/slf4j-api-1.6.1.jar:/Users/nprabhak/.m2/repository/org/slf4j/slf4j-log4j12/1.6.1/slf4j-log4j12-1.6.1.jar:/Users/nprabhak/.m2/repository/oro/oro/2.0.8/oro-2.0.8.jar:/Users/nprabhak/.m2/repository/org/codehaus/jackson/jackson-mapper-asl/1.8.8/jackson-mapper-asl-1.8.8.jar:/Users/nprabhak/.m2/repository/org/apache/avro/avro/1.5.4/avro-1.5.4.jar:/Users/nprabhak/.m2/repository/com/thoughtworks/paranamer/paranamer/2.3/paranamer-2.3.jar:/Users/nprabhak/.m2/repository/org/xerial/snappy/snappy-java/1.0.3.2/snappy-java-1.0.3.2.jar:/Users/nprabhak/.m2/repository/com/google/protobuf/protobuf-java/2.4.0a/protobuf-java-2.4.0a.jar:/Users/nprabhak/.m2/repository/org/apache/hadoop/hadoop-auth/2.0.0-cdh4.0.1/hadoop-auth-2.0.0-cdh4.0.1.jar:/Users/nprabhak/.m2/repository/com/googlecode/json-simple/json-simple/1.1/json-simple-1.1.jar:/Users/nprabhak/.m2/repository/com/jcraft/jsch/0.1.42/jsch-0.1.42.jar:/Users/nprabhak/.m2/repository/org/apache/zookeeper/zookeeper/3.4.3-cdh4.0.1/zookeeper-3.4.3-cdh4.0.1.jar:/Users/nprabhak/.m2/repository/jline/jline/0.9.94/jline-0.9.94.jar:/Users/nprabhak/.m2/repository/org/apache/hadoop/hadoop-hdfs/2.0.0-cdh4.0.1/hadoop-hdfs-2.0.0-cdh4.0.1.jar:/Users/nprabhak/.m2/repository/org/apache/hadoop/hadoop-core/2.0.0-mr1-cdh4.0.1/hadoop-core-2.0.0-mr1-cdh4.0.1.jar:/Users/nprabhak/.m2/repository/org/codehaus/jackson/jackson-core-asl/1.5.2/jackson-core-asl-1.5.2.jar:/Users/nprabhak/.m2/repository/hsqldb/hsqldb/1.8.0.10/hsqldb-1.8.0.10.jar:"/>
    <property name="java.vm.specification.version" value="1.0"/>
    <property name="sun.arch.data.model" value="64"/>
    <property name="java.home" value="/System/Library/Java/JavaVirtualMachines/1.6.0.jdk/Contents/Home"/>
    <property name="sun.java.command" value="/Users/nprabhak/Projects/Java/Jafun/mr/target/surefire/surefirebooter2043674162767933054.jar /Users/nprabhak/Projects/Java/Jafun/mr/target/surefire/surefire3801924834511350478tmp /Users/nprabhak/Projects/Java/Jafun/mr/target/surefire/surefire8062942298026051636tmp"/>
    <property name="java.specification.vendor" value="Sun Microsystems Inc."/>
    <property name="user.language" value="en"/>
    <property name="awt.toolkit" value="apple.awt.CToolkit"/>
    <property name="java.vm.info" value="mixed mode"/>
    <property name="java.version" value="1.6.0_33"/>
    <property name="java.ext.dirs" value="/Library/Java/Extensions:/System/Library/Java/Extensions:/System/Library/Java/JavaVirtualMachines/1.6.0.jdk/Contents/Home/lib/ext"/>
    <property name="sun.boot.class.path" value="/System/Library/Java/JavaVirtualMachines/1.6.0.jdk/Contents/Classes/jsfd.jar:/System/Library/Java/JavaVirtualMachines/1.6.0.jdk/Contents/Classes/classes.jar:/System/Library/Frameworks/JavaVM.framework/Frameworks/JavaRuntimeSupport.framework/Resources/Java/JavaRuntimeSupport.jar:/System/Library/Java/JavaVirtualMachines/1.6.0.jdk/Contents/Classes/ui.jar:/System/Library/Java/JavaVirtualMachines/1.6.0.jdk/Contents/Classes/laf.jar:/System/Library/Java/JavaVirtualMachines/1.6.0.jdk/Contents/Classes/sunrsasign.jar:/System/Library/Java/JavaVirtualMachines/1.6.0.jdk/Contents/Classes/jsse.jar:/System/Library/Java/JavaVirtualMachines/1.6.0.jdk/Contents/Classes/jce.jar:/System/Library/Java/JavaVirtualMachines/1.6.0.jdk/Contents/Classes/charsets.jar"/>
    <property name="java.vendor" value="Apple Inc."/>
    <property name="localRepository" value="/Users/nprabhak/.m2/repository"/>
    <property name="file.separator" value="/"/>
    <property name="java.vendor.url.bug" value="http://bugreport.apple.com/"/>
    <property name="sun.cpu.endian" value="little"/>
    <property name="sun.io.unicode.encoding" value="UnicodeLittle"/>
    <property name="mrj.version" value="1070.1.6.0_33-424"/>
    <property name="socksNonProxyHosts" value="local|*.local|169.254/16|*.169.254/16"/>
    <property name="ftp.nonProxyHosts" value="local|*.local|169.254/16|*.169.254/16"/>
    <property name="sun.cpu.isalist" value=""/>
  </properties>
  <testcase time="0.001" classname="com.nipra.mr.AppTest" name="testApp"/>
</testsuite>